<?xml version="1.0" encoding="UTF-8"?>
<!-- Generated by org.testng.reporters.JUnitReportReporter -->
<testsuite skipped="0" hostname="Phoenix" name="com.Listeners.Launchbrowser" tests="2" failures="0" timestamp="16 Dec 2019 09:51:31 GMT" time="3.637" errors="0">
  <testcase name="launchTest" time="1.582" classname="com.Listeners.Launchbrowser"/>
  <testcase name="launchGoogle" time="2.055" classname="com.Listeners.Launchbrowser"/>
</testsuite> <!-- com.Listeners.Launchbrowser -->
